MyTest/build/outputs/logs/manifest-merger-debug-report.txt
-- Merging decision tree log ---
manifest
ADDED from src/main/AndroidManifest.xml:2:1-33:12
	package
		ADDED from src/main/AndroidManifest.xml:2:11-35
		INJECTED from src/main/AndroidManifest.xml
		INJECTED from src/main/AndroidManifest.xml
	android:versionName
		ADDED from src/main/AndroidManifest.xml:5:11-38
		INJECTED from src/main/AndroidManifest.xml
		INJECTED from src/main/AndroidManifest.xml
	android:versionCode
		ADDED from src/main/AndroidManifest.xml:4:11-34
		INJECTED from src/main/AndroidManifest.xml
		INJECTED from src/main/AndroidManifest.xml
	xmlns:android
		ADDED from src/main/AndroidManifest.xml:3:11-69
uses-sdk
ADDED from src/main/AndroidManifest.xml:7:5-9:40
MERGED from [HTTPDNSLib:DNSCache:unspecified] AndroidManifest.xml:7:5-9:41
	android:targetSdkVersion
		ADDED from src/main/AndroidManifest.xml:9:9-38
		INJECTED from src/main/AndroidManifest.xml
		INJECTED from src/main/AndroidManifest.xml
	android:minSdkVersion
		ADDED from src/main/AndroidManifest.xml:8:9-35
		INJECTED from src/main/AndroidManifest.xml
		INJECTED from src/main/AndroidManifest.xml
uses-permission#android.permission.READ_PHONE_STATE
ADDED from src/main/AndroidManifest.xml:11:5-75
	android:name
		ADDED from src/main/AndroidManifest.xml:11:22-72
application
ADDED from src/main/AndroidManifest.xml:13:5-31:19
MERGED from [HTTPDNSLib:DNSCache:unspecified] AndroidManifest.xml:18:5-31:19
	android:label
		ADDED from src/main/AndroidManifest.xml:17:9-41
	android:configChanges
		ADDED from src/main/AndroidManifest.xml:16:9-59
	android:allowBackup
		ADDED from src/main/AndroidManifest.xml:15:9-35
	android:theme
		ADDED from src/main/AndroidManifest.xml:18:9-68
	android:name
		ADDED from src/main/AndroidManifest.xml:14:9-38
activity#org.wlf.mytest.MainActivity
ADDED from src/main/AndroidManifest.xml:20:9-29:20
	android:screenOrientation
		ADDED from src/main/AndroidManifest.xml:23:13-49
	android:label
		ADDED from src/main/AndroidManifest.xml:22:13-45
	android:name
		ADDED from src/main/AndroidManifest.xml:21:13-41
intent-filter#android.intent.action.MAIN+android.intent.category.LAUNCHER
ADDED from src/main/AndroidManifest.xml:24:13-28:29
action#android.intent.action.MAIN
ADDED from src/main/AndroidManifest.xml:25:17-68
	android:name
		ADDED from src/main/AndroidManifest.xml:25:25-66
category#android.intent.category.LAUNCHER
ADDED from src/main/AndroidManifest.xml:27:17-76
	android:name
		ADDED from src/main/AndroidManifest.xml:27:27-74
uses-permission#android.permission.INTERNET
ADDED from [HTTPDNSLib:DNSCache:unspecified] AndroidManifest.xml:12:5-67
	android:name
		ADDED from [HTTPDNSLib:DNSCache:unspecified] AndroidManifest.xml:12:22-64
uses-permission#android.permission.ACCESS_NETWORK_STATE
ADDED from [HTTPDNSLib:DNSCache:unspecified] AndroidManifest.xml:13:5-79
	android:name
		ADDED from [HTTPDNSLib:DNSCache:unspecified] AndroidManifest.xml:13:22-76
uses-permission#android.permission.ACCESS_WIFI_STATE
ADDED from [HTTPDNSLib:DNSCache:unspecified] AndroidManifest.xml:14:5-76
	android:name
		ADDED from [HTTPDNSLib:DNSCache:unspecified] AndroidManifest.xml:14:22-73
uses-permission#android.permission.WAKE_LOCK
ADDED from [HTTPDNSLib:DNSCache:unspecified] AndroidManifest.xml:15:5-68
	android:name
		ADDED from [HTTPDNSLib:DNSCache:unspecified] AndroidManifest.xml:15:22-65
uses-permission#android.permission.WRITE_EXTERNAL_STORAGE
ADDED from [HTTPDNSLib:DNSCache:unspecified] AndroidManifest.xml:16:5-81
	android:name
		ADDED from [HTTPDNSLib:DNSCache:unspecified] AndroidManifest.xml:16:22-78
receiver#com.sina.util.networktype.NetworkStateReceiver
ADDED from [HTTPDNSLib:DNSCache:unspecified] AndroidManifest.xml:23:9-30:20
	android:label
		ADDED from [HTTPDNSLib:DNSCache:unspecified] AndroidManifest.xml:25:13-46
	android:name
		ADDED from [HTTPDNSLib:DNSCache:unspecified] AndroidManifest.xml:24:13-74
intent-filter#android.intent.action.USER_PRESENT+android.net.conn.CONNECTIVITY_CHANGE
ADDED from [HTTPDNSLib:DNSCache:unspecified] AndroidManifest.xml:26:13-29:29
action#android.net.conn.CONNECTIVITY_CHANGE
ADDED from [HTTPDNSLib:DNSCache:unspecified] AndroidManifest.xml:27:17-79
	android:name
		ADDED from [HTTPDNSLib:DNSCache:unspecified] AndroidManifest.xml:27:25-76
action#android.intent.action.USER_PRESENT
ADDED from [HTTPDNSLib:DNSCache:unspecified] AndroidManifest.xml:28:17-77
	android:name
		ADDED from [HTTPDNSLib:DNSCache:unspecified] AndroidManifest.xml:28:25-74